AutoDock Vina v1.2.5
#################################################################
# If you used AutoDock Vina in your work, please cite:          #
#                                                               #
# J. Eberhardt, D. Santos-Martins, A. F. Tillack, and S. Forli  #
# AutoDock Vina 1.2.0: New Docking Methods, Expanded Force      #
# Field, and Python Bindings, J. Chem. Inf. Model. (2021)       #
# DOI 10.1021/acs.jcim.1c00203                                  #
#                                                               #
# O. Trott, A. J. Olson,                                        #
# AutoDock Vina: improving the speed and accuracy of docking    #
# with a new scoring function, efficient optimization and       #
# multithreading, J. Comp. Chem. (2010)                         #
# DOI 10.1002/jcc.21334                                         #
#                                                               #
# Please see https://github.com/ccsb-scripps/AutoDock-Vina for  #
# more information.                                             #
#################################################################

Scoring function : vina
Rigid receptor: /content/1O86/DOCKING/1O86_prot_A.pdbqt
Ligand: /content/1O86/DOCKING/SIM/SIM.pdbqt
Grid center: X 40.553 Y 32.798 Z 47.286
Grid size  : X 11.264 Y 20.096 Z 23.73
Grid space : 0.375
Exhaustiveness: 16
CPU: 2
Verbosity: 2

Computing Vina grid ... done.
Performing docking (random seed: 1118795116) ... 
0%   10   20   30   40   50   60   70   80   90   100%
|----|----|----|----|----|----|----|----|----|----|
***************************************************
done.
ENERGY FROM SEARCH: -7.64113
FINAL ENERGY: 
Estimated Free Energy of Binding   : -5.667 (kcal/mol) [=(1)+(2)+(3)-(4)]
(1) Final Intermolecular Energy    : -7.323 (kcal/mol)
    Ligand - Receptor              : -7.323 (kcal/mol)
    Ligand - Flex side chains      : 0.000 (kcal/mol)
(2) Final Total Internal Energy    : -0.318 (kcal/mol)
    Ligand                         : -0.318 (kcal/mol)
    Flex   - Receptor              : 0.000 (kcal/mol)
    Flex   - Flex side chains      : 0.000 (kcal/mol)
(3) Torsional Free Energy          : 1.656 (kcal/mol)
(4) Unbound System's Energy        : -0.318 (kcal/mol)
ENERGY FROM SEARCH: -7.506
FINAL ENERGY: 
Estimated Free Energy of Binding   : -5.562 (kcal/mol) [=(1)+(2)+(3)-(4)]
(1) Final Intermolecular Energy    : -7.076 (kcal/mol)
    Ligand - Receptor              : -7.076 (kcal/mol)
    Ligand - Flex side chains      : 0.000 (kcal/mol)
(2) Final Total Internal Energy    : -0.430 (kcal/mol)
    Ligand                         : -0.430 (kcal/mol)
    Flex   - Receptor              : 0.000 (kcal/mol)
    Flex   - Flex side chains      : 0.000 (kcal/mol)
(3) Torsional Free Energy          : 1.626 (kcal/mol)
(4) Unbound System's Energy        : -0.318 (kcal/mol)
ENERGY FROM SEARCH: -7.347
FINAL ENERGY: 
Estimated Free Energy of Binding   : -5.439 (kcal/mol) [=(1)+(2)+(3)-(4)]
(1) Final Intermolecular Energy    : -6.900 (kcal/mol)
    Ligand - Receptor              : -6.900 (kcal/mol)
    Ligand - Flex side chains      : 0.000 (kcal/mol)
(2) Final Total Internal Energy    : -0.447 (kcal/mol)
    Ligand                         : -0.447 (kcal/mol)
    Flex   - Receptor              : 0.000 (kcal/mol)
    Flex   - Flex side chains      : 0.000 (kcal/mol)
(3) Torsional Free Energy          : 1.590 (kcal/mol)
(4) Unbound System's Energy        : -0.318 (kcal/mol)
ENERGY FROM SEARCH: -7.265
FINAL ENERGY: 
Estimated Free Energy of Binding   : -5.376 (kcal/mol) [=(1)+(2)+(3)-(4)]
(1) Final Intermolecular Energy    : -6.806 (kcal/mol)
    Ligand - Receptor              : -6.806 (kcal/mol)
    Ligand - Flex side chains      : 0.000 (kcal/mol)
(2) Final Total Internal Energy    : -0.459 (kcal/mol)
    Ligand                         : -0.459 (kcal/mol)
    Flex   - Receptor              : 0.000 (kcal/mol)
    Flex   - Flex side chains      : 0.000 (kcal/mol)
(3) Torsional Free Energy          : 1.571 (kcal/mol)
(4) Unbound System's Energy        : -0.318 (kcal/mol)
ENERGY FROM SEARCH: -7.106
FINAL ENERGY: 
Estimated Free Energy of Binding   : -5.253 (kcal/mol) [=(1)+(2)+(3)-(4)]
(1) Final Intermolecular Energy    : -6.635 (kcal/mol)
    Ligand - Receptor              : -6.635 (kcal/mol)
    Ligand - Flex side chains      : 0.000 (kcal/mol)
(2) Final Total Internal Energy    : -0.471 (kcal/mol)
    Ligand                         : -0.471 (kcal/mol)
    Flex   - Receptor              : 0.000 (kcal/mol)
    Flex   - Flex side chains      : 0.000 (kcal/mol)
(3) Torsional Free Energy          : 1.535 (kcal/mol)
(4) Unbound System's Energy        : -0.318 (kcal/mol)
ENERGY FROM SEARCH: -7.097
FINAL ENERGY: 
Estimated Free Energy of Binding   : -5.246 (kcal/mol) [=(1)+(2)+(3)-(4)]
(1) Final Intermolecular Energy    : -6.696 (kcal/mol)
    Ligand - Receptor              : -6.696 (kcal/mol)
    Ligand - Flex side chains      : 0.000 (kcal/mol)
(2) Final Total Internal Energy    : -0.402 (kcal/mol)
    Ligand                         : -0.402 (kcal/mol)
    Flex   - Receptor              : 0.000 (kcal/mol)
    Flex   - Flex side chains      : 0.000 (kcal/mol)
(3) Torsional Free Energy          : 1.533 (kcal/mol)
(4) Unbound System's Energy        : -0.318 (kcal/mol)
ENERGY FROM SEARCH: -7.071
FINAL ENERGY: 
Estimated Free Energy of Binding   : -5.226 (kcal/mol) [=(1)+(2)+(3)-(4)]
(1) Final Intermolecular Energy    : -6.659 (kcal/mol)
    Ligand - Receptor              : -6.659 (kcal/mol)
    Ligand - Flex side chains      : 0.000 (kcal/mol)
(2) Final Total Internal Energy    : -0.412 (kcal/mol)
    Ligand                         : -0.412 (kcal/mol)
    Flex   - Receptor              : 0.000 (kcal/mol)
    Flex   - Flex side chains      : 0.000 (kcal/mol)
(3) Torsional Free Energy          : 1.527 (kcal/mol)
(4) Unbound System's Energy        : -0.318 (kcal/mol)
ENERGY FROM SEARCH: -7.049
FINAL ENERGY: 
Estimated Free Energy of Binding   : -5.209 (kcal/mol) [=(1)+(2)+(3)-(4)]
(1) Final Intermolecular Energy    : -6.721 (kcal/mol)
    Ligand - Receptor              : -6.721 (kcal/mol)
    Ligand - Flex side chains      : 0.000 (kcal/mol)
(2) Final Total Internal Energy    : -0.329 (kcal/mol)
    Ligand                         : -0.329 (kcal/mol)
    Flex   - Receptor              : 0.000 (kcal/mol)
    Flex   - Flex side chains      : 0.000 (kcal/mol)
(3) Torsional Free Energy          : 1.523 (kcal/mol)
(4) Unbound System's Energy        : -0.318 (kcal/mol)
ENERGY FROM SEARCH: -7.028
FINAL ENERGY: 
Estimated Free Energy of Binding   : -5.192 (kcal/mol) [=(1)+(2)+(3)-(4)]
(1) Final Intermolecular Energy    : -6.682 (kcal/mol)
    Ligand - Receptor              : -6.682 (kcal/mol)
    Ligand - Flex side chains      : 0.000 (kcal/mol)
(2) Final Total Internal Energy    : -0.345 (kcal/mol)
    Ligand                         : -0.345 (kcal/mol)
    Flex   - Receptor              : 0.000 (kcal/mol)
    Flex   - Flex side chains      : 0.000 (kcal/mol)
(3) Torsional Free Energy          : 1.518 (kcal/mol)
(4) Unbound System's Energy        : -0.318 (kcal/mol)

mode |   affinity | dist from best mode
     | (kcal/mol) | rmsd l.b.| rmsd u.b.
-----+------------+----------+----------
   1      -5.6667     0.0000     0.0000
   2      -5.5622     8.3028    10.0116
   3      -5.4389     1.6334     1.8874
   4      -5.3755     9.3687    10.3535
   5      -5.2528     7.9345     9.2013
   6      -5.2458     7.7500     9.2604
   7      -5.2257     7.3606     9.1205
   8      -5.2088     2.6612     4.6903
   9      -5.1918     8.5761     9.7428
